#
# There is insufficient memory for the Java Runtime Environment to continue.
# Native memory allocation (malloc) failed to allocate 1048576 bytes for AllocateHeap
# Possible reasons:
#   The system is out of physical RAM or swap space
#   The process is running with CompressedOops enabled, and the Java Heap may be blocking the growth of the native heap
# Possible solutions:
#   Reduce memory load on the system
#   Increase physical memory or swap space
#   Check if swap backing store is full
#   Decrease Java heap size (-Xmx/-Xms)
#   Decrease number of Java threads
#   Decrease Java thread stack sizes (-Xss)
#   Set larger code cache with -XX:ReservedCodeCacheSize=
#   JVM is running with Unscaled Compressed Oops mode in which the Java heap is
#     placed in the first 4GB address space. The Java Heap base address is the
#     maximum limit for the native heap growth. Please use -XX:HeapBaseMinAddress
#     to set the Java Heap base and to place the Java Heap above 4GB virtual address.
# This output file may be truncated or incomplete.
#
#  Out of Memory Error (memory/allocation.inline.hpp:61), pid=15304, tid=0x0000000000003248
#
# JRE version:  (8.0_201-b09) (build )
# Java VM: Java HotSpot(TM) 64-Bit Server VM (25.201-b09 mixed mode windows-amd64 compressed oops)
# Failed to write core dump. Minidumps are not enabled by default on client versions of Windows
#

---------------  T H R E A D  ---------------

Current thread (0x0000000002c23000):  JavaThread "Unknown thread" [_thread_in_vm, id=12872, stack(0x0000000002b10000,0x0000000002c10000)]

Stack: [0x0000000002b10000,0x0000000002c10000]
[error occurred during error reporting (printing stack bounds), id 0xc0000005]

Native frames: (J=compiled Java code, j=interpreted, Vv=VM code, C=native code)


---------------  P R O C E S S  ---------------

Java Threads: ( => current thread )

Other Threads:

=>0x0000000002c23000 (exited) JavaThread "Unknown thread" [_thread_in_vm, id=12872, stack(0x0000000002b10000,0x0000000002c10000)]

VM state:not at safepoint (normal execution)

VM Mutex/Monitor currently owned by a thread: None

heap address: 0x00000000c1a00000, size: 998 MB, Compressed Oops mode: 32-bit
Narrow klass base: 0x0000000000000000, Narrow klass shift: 3
Compressed class space size: 1073741824 Address: 0x0000000100000000

Heap:
 PSYoungGen      total 18944K, used 327K [0x00000000eb380000, 0x00000000ec880000, 0x0000000100000000)
  eden space 16384K, 2% used [0x00000000eb380000,0x00000000eb3d1ec8,0x00000000ec380000)
  from space 2560K, 0% used [0x00000000ec600000,0x00000000ec600000,0x00000000ec880000)
  to   space 2560K, 0% used [0x00000000ec380000,0x00000000ec380000,0x00000000ec600000)
 ParOldGen       total 44032K, used 0K [0x00000000c1a00000, 0x00000000c4500000, 0x00000000eb380000)
  object space 44032K, 0% used [0x00000000c1a00000,0x00000000c1a00000,0x00000000c4500000)
 Metaspace       used 775K, capacity 4480K, committed 4480K, reserved 1056768K
  class space    used 76K, capacity 384K, committed 384K, reserved 1048576K

Card table byte_map: [0x00000000120e0000,0x00000000122e0000] byte_map_base: 0x0000000011ad3000

Marking Bits: (ParMarkBitMap*) 0x000000006abc4ce0
 Begin Bits: [0x0000000012830000, 0x00000000137c8000)
 End Bits:   [0x00000000137c8000, 0x0000000014760000)

Polling page: 0x00000000009f0000

CodeCache: size=245760Kb used=328Kb max_used=328Kb free=245431Kb
 bounds [0x0000000002d20000, 0x0000000002f90000, 0x0000000011d20000]
 total_blobs=58 nmethods=0 adapters=38
 compilation: enabled

Compilation events (0 events):
No events

GC Heap History (0 events):
No events

Deoptimization events (0 events):
No events

Classes redefined (0 events):
No events

Internal exceptions (0 events):
No events

Events (10 events):
Event: 0.163 loading class java/lang/Short
Event: 0.163 loading class java/lang/Short done
Event: 0.163 loading class java/lang/Integer
Event: 0.163 loading class java/lang/Integer done
Event: 0.163 loading class java/lang/Long
Event: 0.163 loading class java/lang/Long done
Event: 0.164 loading class java/lang/NullPointerException
Event: 0.165 loading class java/lang/NullPointerException done
Event: 0.165 loading class java/lang/ArithmeticException
Event: 0.165 loading class java/lang/ArithmeticException done


Dynamic libraries:
0x00007ff614a20000 - 0x00007ff614a57000 	C:\Program Files\Java\jdk1.8.0_201\bin\javaw.exe
0x00007ff94f180000 - 0x00007ff94f361000 	C:\WINDOWS\SYSTEM32\ntdll.dll
0x00007ff94cb20000 - 0x00007ff94cbd1000 	C:\WINDOWS\System32\KERNEL32.DLL
0x00007ff94b7d0000 - 0x00007ff94ba43000 	C:\WINDOWS\System32\KERNELBASE.dll
0x00007ff94ce00000 - 0x00007ff94cea1000 	C:\WINDOWS\System32\ADVAPI32.dll
0x00007ff94ec70000 - 0x00007ff94ed0e000 	C:\WINDOWS\System32\msvcrt.dll
0x00007ff94e8c0000 - 0x00007ff94e91b000 	C:\WINDOWS\System32\sechost.dll
0x00007ff94e790000 - 0x00007ff94e8b4000 	C:\WINDOWS\System32\RPCRT4.dll
0x00007ff94e5f0000 - 0x00007ff94e781000 	C:\WINDOWS\System32\USER32.dll
0x00007ff94b6c0000 - 0x00007ff94b6e0000 	C:\WINDOWS\System32\win32u.dll
0x00007ff94ca40000 - 0x00007ff94ca68000 	C:\WINDOWS\System32\GDI32.dll
0x00007ff94bb50000 - 0x00007ff94bce1000 	C:\WINDOWS\System32\gdi32full.dll
0x00007ff94b6e0000 - 0x00007ff94b77f000 	C:\WINDOWS\System32\msvcp_win.dll
0x00007ff94ba50000 - 0x00007ff94bb48000 	C:\WINDOWS\System32\ucrtbase.dll
0x00007ff93fec0000 - 0x00007ff940129000 	C:\WINDOWS\WinSxS\amd64_microsoft.windows.common-controls_6595b64144ccf1df_6.0.17134.1184_none_d403e8b37c8ca406\COMCTL32.dll
0x00007ff94e940000 - 0x00007ff94ec61000 	C:\WINDOWS\System32\combase.dll
0x00007ff94b640000 - 0x00007ff94b6b9000 	C:\WINDOWS\System32\bcryptPrimitives.dll
0x00007ff94cbe0000 - 0x00007ff94cc0d000 	C:\WINDOWS\System32\IMM32.DLL
0x000000006ad80000 - 0x000000006ae51000 	C:\Program Files\Java\jdk1.8.0_201\jre\bin\msvcr100.dll
0x000000006a3a0000 - 0x000000006ac44000 	C:\Program Files\Java\jdk1.8.0_201\jre\bin\server\jvm.dll
0x00007ff94ceb0000 - 0x00007ff94ceb8000 	C:\WINDOWS\System32\PSAPI.DLL
0x00007ff93b4c0000 - 0x00007ff93b4c9000 	C:\WINDOWS\SYSTEM32\WSOCK32.dll
0x00007ff94eed0000 - 0x00007ff94ef3c000 	C:\WINDOWS\System32\WS2_32.dll
0x00007ff947b50000 - 0x00007ff947b73000 	C:\WINDOWS\SYSTEM32\WINMM.dll
0x00007ff941440000 - 0x00007ff94144a000 	C:\WINDOWS\SYSTEM32\VERSION.dll
0x00007ff947b20000 - 0x00007ff947b4a000 	C:\WINDOWS\SYSTEM32\WINMMBASE.dll
0x00007ff94b780000 - 0x00007ff94b7c9000 	C:\WINDOWS\System32\cfgmgr32.dll
0x00007ff947c20000 - 0x00007ff947c2f000 	C:\Program Files\Java\jdk1.8.0_201\jre\bin\verify.dll
0x00007ff93f410000 - 0x00007ff93f439000 	C:\Program Files\Java\jdk1.8.0_201\jre\bin\java.dll
0x00007ff946d30000 - 0x00007ff946d46000 	C:\Program Files\Java\jdk1.8.0_201\jre\bin\zip.dll

VM Arguments:
jvm_args: -Dfile.encoding=Cp1252 
java_command: IGInfotech.EncapsulationDemo
java_class_path (initial): D:\SeleniumProjects\InterviewPrograms\bin;C:\Users\SunkaraRam\.p2\pool\plugins\org.testng_6.14.2.r201802161450.jar;C:\Users\SunkaraRam\.p2\pool\plugins\com.beust.jcommander_1.72.0.jar;C:\Users\SunkaraRam\.p2\pool\plugins\org.apache-extras.beanshell.bsh_2.0.0.b6.jar;C:\Users\SunkaraRam\.p2\pool\plugins\org.yaml.snakeyaml_1.17.0.jar;D:\JARS\POI and ER and common\bson-3.0.4.jar;D:\JARS\POI and ER and common\commons-codec-1.10.jar;D:\JARS\POI and ER and common\commons-collections4-4.1.jar;D:\JARS\POI and ER and common\commons-io-1.3.2.jar;D:\JARS\POI and ER and common\commons-logging-1.2.jar;D:\JARS\POI and ER and common\curvesapi-1.04.jar;D:\JARS\POI and ER and common\extentreports-2.41.2.jar;D:\JARS\POI and ER and common\freemarker-2.3.23.jar;D:\JARS\POI and ER and common\jsoup-1.8.3.jar;D:\JARS\POI and ER and common\junit-4.12.jar;D:\JARS\POI and ER and common\log4j-1.2.17.jar;D:\JARS\POI and ER and common\mongodb-driver-3.0.4.jar;D:\JARS\POI and ER and common\mongodb-driver-core-3.0.4.jar;D:\JARS\POI and ER and common\poi-3.17.jar;D:\JARS\POI and ER and common\poi-examples-3.17.jar;D:\JARS\POI and ER and common\poi-excelant-3.17.jar;D:\JARS\POI and ER and common\poi-ooxml-3.17.jar;D:\JARS\POI and ER and common\poi-ooxml-schemas-3.17.jar;D:\JARS\POI and ER and common\poi-scratchpad-3.17.jar;D:\JARS\POI and ER and common\selenium-server-standalone-3.141.59.jar;D:\JARS\POI and ER and common\sqlite-jdbc-3.8.11.1.jar;D:\JARS\POI and ER and common\xmlbeans-2.6.0.jar;C:\Users\SunkaraRam\Desktop\MyReusableJars\Version3\ReusableProject-0.0.1-SNAPSHOT.jar
Launcher Type: SUN_STANDARD

Environment Variables:
JAVA_HOME=C:\Program Files\Java\jdk1.8.0_201
PATH=C:/Program Files/Java/jre1.8.0_221/bin/server;C:/Program Files/Java/jre1.8.0_221/bin;C:/Program Files/Java/jre1.8.0_221/lib/amd64;C:\oraclexe\app\oracle\product\10.2.0\server\bin;C:\Program Files (x86)\Common Files\Oracle\Java\javapath;"C:\Program Files (x86)\Common Files\Oracle\Java\javapath;D:\Maven\apache-maven-3.6.0\bin;";C:\Users\SunkaraRam\AppData\Local\Programs\Python\Python36\Scripts\;C:\Users\SunkaraRam\AppData\Local\Programs\Python\Python36\;"C:\oraclexe\app\oracle\product\10.2.0\server\bin\;C:\Users\SunkaraRam\AppData\Local\Programs\Python\Python36";C:\WINDOWS\system32;C:\WINDOWS;C:\WINDOWS\System32\Wbem;C:\WINDOWS\System32\WindowsPowerShell\v1.0\;C:\Program Files\Java\jdk/bin;C:\WINDOWS\System32\OpenSSH\;C:\Program Files\Git\cmd;D:\Maven\apache-maven-3.6.0\bin;C:\Program Files\Microsoft SQL Server\Client SDK\ODBC\130\Tools\Binn\;C:\Program Files (x86)\Microsoft SQL Server\140\Tools\Binn\;C:\Program Files\Microsoft SQL Server\140\Tools\Binn\;C:\Program Files\Microsoft SQL Server\140\DTS\Binn\;C:\Program Files\MySQL\MySQL Server 8.0\bin;C:\Program Files\MySQL\MySQL Shell 8.0\bin\;"C:\Users\SunkaraRam\AppData\Local\Programs\Python\Python36;C:\Users\SunkaraRam\AppData\Local\Programs\Python\Python36\Scripts";C:\Users\SunkaraRam\AppData\Local\Microsoft\WindowsApps;D:\axis2-1.6.2\bin;C:\Program Files\MySQL\MySQL Server 8.0\bin;;C:\Users\SunkaraRam\Desktop;
USERNAME=SunkaraRam
OS=Windows_NT
PROCESSOR_IDENTIFIER=Intel64 Family 6 Model 78 Stepping 3, GenuineIntel



---------------  S Y S T E M  ---------------

OS: Windows 10.0 , 64 bit Build 17134 (10.0.17134.753)

CPU:total 4 (initial active 4) (2 cores per cpu, 2 threads per core) family 6 model 78 stepping 3, cmov, cx8, fxsr, mmx, sse, sse2, sse3, ssse3, sse4.1, sse4.2, popcnt, avx, avx2, aes, clmul, erms, 3dnowpref, lzcnt, ht, tsc, tscinvbit, bmi1, bmi2, adx

Memory: 4k page, physical 4082692k(382132k free), swap 9063428k(30044k free)

vm_info: Java HotSpot(TM) 64-Bit Server VM (25.201-b09) for windows-amd64 JRE (1.8.0_201-b09), built on Dec 15 2018 18:36:39 by "java_re" with MS VC++ 10.0 (VS2010)

time: Sat Jan 04 17:42:13 2020
timezone: India Standard Time
elapsed time: 0 seconds (0d 0h 0m 0s)

